starting build

**********************************************************************

Test build
build xv6 using make

**********************************************************************
Trying to build project using make
make
make: Nothing to be done for 'all'.


test build PASSED
 (build xv6 using make)

starting test_1

**********************************************************************

Test test_1
Tests to make sure everything compiles

**********************************************************************
Running xv6 user progam /home/cs537-1/tests/P4/ctests/test_1.c
Trying to build project using make
make
gcc  -I include -nostdinc -Wall -Werror -ggdb -fno-pic -fno-builtin -fno-strict-aliasing -fno-stack-protector -m32 \
	-M -MG user/tester.c -MF user/tester.d -MT user/tester.d -MT user/tester.o
gcc  -I include -nostdinc -Wall -Werror -ggdb -fno-pic -fno-builtin -fno-strict-aliasing -fno-stack-protector -m32 -c -o user/tester.o user/tester.c
ld  -m    elf_i386 -nostdlib --omagic --entry=main --section-start=.text=0x0 --output=user/bin/tester user/tester.o user/ulib.o user/usys.o user/printf.o user/umalloc.o
cp user/bin/tester fs/tester
./tools/mkfs fs.img fs
used 29 (bit 1 ninode 26) free 29 total 1024
usertests
mkdir
README
tester
ls
kill
ln
grep
stressfs
cat
sh
rm
echo
forktest
zombie
wc
init
balloc: first 453 blocks have been allocated
balloc: write bitmap block at sector 28
rm user/bin/tester
make qemu-nox CPUS=1
Ctrl+a h for help
timeout --foreground --preserve-status 900 /p/course/cs537-remzi/ta/tools/qemu -nographic -hdb fs.img xv6.img -smp 1
WARNING: Image format was not specified for 'fs.img' and probing guessed raw.
         Automatically detecting the format is dangerous for raw images, write operations on block 0 will be restricted.
         Specify the 'raw' format explicitly to remove the restrictions.
WARNING: Image format was not specified for 'xv6.img' and probing guessed raw.
         Automatically detecting the format is dangerous for raw images, write operations on block 0 will be restricted.
         Specify the 'raw' format explicitly to remove the restrictions.
c[?7l[2J[0mSeaBIOS (version 1.15.0-1)


iPXE (https://ipxe.org) 00:03.0 CA00 PCI2.10 PnP PMM+07F8B4A0+07ECB4A0 CA00
Press Ctrl-B to configure iPXE (PCI 00:03.0)...                                                                               


Booting from Hard Disk..xv6...
cpu0: starting
init: starting sh
$ tester
tester
XV6_SCHEDULER	 SUCCESS


test test_1 PASSED (1 of 1)
 (Tests to make sure everything compiles)

starting test_2

**********************************************************************

Test test_2
Tests to make sure default number of tickets is 1

**********************************************************************
Running xv6 user progam /home/cs537-1/tests/P4/ctests/test_2.c
Trying to build project using make
make
gcc  -I include -nostdinc -Wall -Werror -ggdb -fno-pic -fno-builtin -fno-strict-aliasing -fno-stack-protector -m32 \
	-M -MG user/tester.c -MF user/tester.d -MT user/tester.d -MT user/tester.o
gcc  -I include -nostdinc -Wall -Werror -ggdb -fno-pic -fno-builtin -fno-strict-aliasing -fno-stack-protector -m32 -c -o user/tester.o user/tester.c
ld  -m    elf_i386 -nostdlib --omagic --entry=main --section-start=.text=0x0 --output=user/bin/tester user/tester.o user/ulib.o user/usys.o user/printf.o user/umalloc.o
cp user/bin/tester fs/tester
./tools/mkfs fs.img fs
used 29 (bit 1 ninode 26) free 29 total 1024
usertests
mkdir
README
tester
ls
kill
ln
grep
stressfs
cat
sh
rm
echo
forktest
zombie
wc
init
balloc: first 454 blocks have been allocated
balloc: write bitmap block at sector 28
rm user/bin/tester
make qemu-nox CPUS=1
Ctrl+a h for help
timeout --foreground --preserve-status 900 /p/course/cs537-remzi/ta/tools/qemu -nographic -hdb fs.img xv6.img -smp 1
WARNING: Image format was not specified for 'fs.img' and probing guessed raw.
         Automatically detecting the format is dangerous for raw images, write operations on block 0 will be restricted.
         Specify the 'raw' format explicitly to remove the restrictions.
WARNING: Image format was not specified for 'xv6.img' and probing guessed raw.
         Automatically detecting the format is dangerous for raw images, write operations on block 0 will be restricted.
         Specify the 'raw' format explicitly to remove the restrictions.
c[?7l[2J[0mSeaBIOS (version 1.15.0-1)


iPXE (https://ipxe.org) 00:03.0 CA00 PCI2.10 PnP PMM+07F8B4A0+07ECB4A0 CA00
Press Ctrl-B to configure iPXE (PCI 00:03.0)...                                                                               


Booting from Hard Disk..xv6...
cpu0: starting
init: starting sh
$ tester
tester
XV6_SCHEDULER	 SUCCESS


test test_2 PASSED (1 of 1)
 (Tests to make sure default number of tickets is 1)

starting test_3

**********************************************************************

Test test_3
Tests to make sure setting number of tickets doesn't fail for small ticket numbers

**********************************************************************
Running xv6 user progam /home/cs537-1/tests/P4/ctests/test_3.c
Trying to build project using make
make
gcc  -I include -nostdinc -Wall -Werror -ggdb -fno-pic -fno-builtin -fno-strict-aliasing -fno-stack-protector -m32 \
	-M -MG user/tester.c -MF user/tester.d -MT user/tester.d -MT user/tester.o
gcc  -I include -nostdinc -Wall -Werror -ggdb -fno-pic -fno-builtin -fno-strict-aliasing -fno-stack-protector -m32 -c -o user/tester.o user/tester.c
user/tester.c: In function â€˜mainâ€™:
user/tester.c:9:6: error: implicit declaration of function â€˜setticketsâ€™ [-Werror=implicit-function-declaration]
    9 |   if(settickets(10) == 0)
      |      ^~~~~~~~~~
cc1: all warnings being treated as errors
make: *** [user/makefile.mk:92: user/tester.o] Error 1


test test_3 FAILED (0 of 1)
 (Tests to make sure setting number of tickets doesn't fail for small ticket numbers)
 make failed (error 2)

starting test_4

**********************************************************************

Test test_4
Tests to make sure setting number of tickets doesn't fail for large ticket numbers

**********************************************************************
Running xv6 user progam /home/cs537-1/tests/P4/ctests/test_4.c
Trying to build project using make
make
gcc  -I include -nostdinc -Wall -Werror -ggdb -fno-pic -fno-builtin -fno-strict-aliasing -fno-stack-protector -m32 \
	-M -MG user/tester.c -MF user/tester.d -MT user/tester.d -MT user/tester.o
gcc  -I include -nostdinc -Wall -Werror -ggdb -fno-pic -fno-builtin -fno-strict-aliasing -fno-stack-protector -m32 -c -o user/tester.o user/tester.c
user/tester.c: In function â€˜mainâ€™:
user/tester.c:9:6: error: implicit declaration of function â€˜setticketsâ€™ [-Werror=implicit-function-declaration]
    9 |   if(settickets(1000000) == 0)
      |      ^~~~~~~~~~
cc1: all warnings being treated as errors
make: *** [user/makefile.mk:92: user/tester.o] Error 1


test test_4 FAILED (0 of 1)
 (Tests to make sure setting number of tickets doesn't fail for large ticket numbers)
 make failed (error 2)

starting test_5

**********************************************************************

Test test_5
Tests to make sure setting number of tickets fails for 0

**********************************************************************
Running xv6 user progam /home/cs537-1/tests/P4/ctests/test_5.c
Trying to build project using make
make
gcc  -I include -nostdinc -Wall -Werror -ggdb -fno-pic -fno-builtin -fno-strict-aliasing -fno-stack-protector -m32 \
	-M -MG user/tester.c -MF user/tester.d -MT user/tester.d -MT user/tester.o
gcc  -I include -nostdinc -Wall -Werror -ggdb -fno-pic -fno-builtin -fno-strict-aliasing -fno-stack-protector -m32 -c -o user/tester.o user/tester.c
user/tester.c: In function â€˜mainâ€™:
user/tester.c:9:6: error: implicit declaration of function â€˜setticketsâ€™ [-Werror=implicit-function-declaration]
    9 |   if(settickets(0) == -1)
      |      ^~~~~~~~~~
cc1: all warnings being treated as errors
make: *** [user/makefile.mk:92: user/tester.o] Error 1


test test_5 FAILED (0 of 1)
 (Tests to make sure setting number of tickets fails for 0)
 make failed (error 2)

starting test_6

**********************************************************************

Test test_6
Tests to make sure setting number of tickets fails for negative numbers

**********************************************************************
Running xv6 user progam /home/cs537-1/tests/P4/ctests/test_6.c
Trying to build project using make
make
gcc  -I include -nostdinc -Wall -Werror -ggdb -fno-pic -fno-builtin -fno-strict-aliasing -fno-stack-protector -m32 \
	-M -MG user/tester.c -MF user/tester.d -MT user/tester.d -MT user/tester.o
gcc  -I include -nostdinc -Wall -Werror -ggdb -fno-pic -fno-builtin -fno-strict-aliasing -fno-stack-protector -m32 -c -o user/tester.o user/tester.c
user/tester.c: In function â€˜mainâ€™:
user/tester.c:9:6: error: implicit declaration of function â€˜setticketsâ€™ [-Werror=implicit-function-declaration]
    9 |   if(settickets(-10) == -1)
      |      ^~~~~~~~~~
cc1: all warnings being treated as errors
make: *** [user/makefile.mk:92: user/tester.o] Error 1


test test_6 FAILED (0 of 1)
 (Tests to make sure setting number of tickets fails for negative numbers)
 make failed (error 2)

starting test_7

**********************************************************************

Test test_7
Test to make sure getpinfo fails for pid 0

**********************************************************************
Running xv6 user progam /home/cs537-1/tests/P4/ctests/test_7.c
Trying to build project using make
make
gcc  -I include -nostdinc -Wall -Werror -ggdb -fno-pic -fno-builtin -fno-strict-aliasing -fno-stack-protector -m32 \
	-M -MG user/tester.c -MF user/tester.d -MT user/tester.d -MT user/tester.o
gcc  -I include -nostdinc -Wall -Werror -ggdb -fno-pic -fno-builtin -fno-strict-aliasing -fno-stack-protector -m32 -c -o user/tester.o user/tester.c
ld  -m    elf_i386 -nostdlib --omagic --entry=main --section-start=.text=0x0 --output=user/bin/tester user/tester.o user/ulib.o user/usys.o user/printf.o user/umalloc.o
cp user/bin/tester fs/tester
./tools/mkfs fs.img fs
used 29 (bit 1 ninode 26) free 29 total 1024
usertests
mkdir
README
tester
ls
kill
ln
grep
stressfs
cat
sh
rm
echo
forktest
zombie
wc
init
balloc: first 453 blocks have been allocated
balloc: write bitmap block at sector 28
rm user/bin/tester
make qemu-nox CPUS=1
Ctrl+a h for help
timeout --foreground --preserve-status 900 /p/course/cs537-remzi/ta/tools/qemu -nographic -hdb fs.img xv6.img -smp 1
WARNING: Image format was not specified for 'fs.img' and probing guessed raw.
         Automatically detecting the format is dangerous for raw images, write operations on block 0 will be restricted.
         Specify the 'raw' format explicitly to remove the restrictions.
WARNING: Image format was not specified for 'xv6.img' and probing guessed raw.
         Automatically detecting the format is dangerous for raw images, write operations on block 0 will be restricted.
         Specify the 'raw' format explicitly to remove the restrictions.
c[?7l[2J[0mSeaBIOS (version 1.15.0-1)


iPXE (https://ipxe.org) 00:03.0 CA00 PCI2.10 PnP PMM+07F8B4A0+07ECB4A0 CA00
Press Ctrl-B to configure iPXE (PCI 00:03.0)...                                                                               


Booting from Hard Disk..xv6...
cpu0: starting
init: starting sh
$ tester
tester
XV6_SCHEDULER	 SUCCESS

test test_7 PASSED (1 of 1)
 (Test to make sure getpinfo fails for pid 0)

starting test_8

**********************************************************************

Test test_8
Test to make sure getpinfo fails for large pids

**********************************************************************
Running xv6 user progam /home/cs537-1/tests/P4/ctests/test_8.c
Trying to build project using make
make
gcc  -I include -nostdinc -Wall -Werror -ggdb -fno-pic -fno-builtin -fno-strict-aliasing -fno-stack-protector -m32 \
	-M -MG user/tester.c -MF user/tester.d -MT user/tester.d -MT user/tester.o
gcc  -I include -nostdinc -Wall -Werror -ggdb -fno-pic -fno-builtin -fno-strict-aliasing -fno-stack-protector -m32 -c -o user/tester.o user/tester.c
ld  -m    elf_i386 -nostdlib --omagic --entry=main --section-start=.text=0x0 --output=user/bin/tester user/tester.o user/ulib.o user/usys.o user/printf.o user/umalloc.o
cp user/bin/tester fs/tester
./tools/mkfs fs.img fs
used 29 (bit 1 ninode 26) free 29 total 1024
usertests
mkdir
README
tester
ls
kill
ln
grep
stressfs
cat
sh
rm
echo
forktest
zombie
wc
init
balloc: first 453 blocks have been allocated
balloc: write bitmap block at sector 28
rm user/bin/tester
make qemu-nox CPUS=1
Ctrl+a h for help
timeout --foreground --preserve-status 900 /p/course/cs537-remzi/ta/tools/qemu -nographic -hdb fs.img xv6.img -smp 1
WARNING: Image format was not specified for 'fs.img' and probing guessed raw.
         Automatically detecting the format is dangerous for raw images, write operations on block 0 will be restricted.
         Specify the 'raw' format explicitly to remove the restrictions.
WARNING: Image format was not specified for 'xv6.img' and probing guessed raw.
         Automatically detecting the format is dangerous for raw images, write operations on block 0 will be restricted.
         Specify the 'raw' format explicitly to remove the restrictions.
c[?7l[2J[0mSeaBIOS (version 1.15.0-1)


iPXE (https://ipxe.org) 00:03.0 CA00 PCI2.10 PnP PMM+07F8B4A0+07ECB4A0 CA00
Press Ctrl-B to configure iPXE (PCI 00:03.0)...                                                                               


Booting from Hard Disk..xv6...
cpu0: starting
init: starting sh
$ tester
tester
XV6_SCHEDULER	 SUCCESS


test test_8 PASSED (1 of 1)
 (Test to make sure getpinfo fails for large pids)

starting test_9

**********************************************************************

Test test_9
Test to check that parent and child pids equal

**********************************************************************
Running xv6 user progam /home/cs537-1/tests/P4/ctests/test_9.c
Trying to build project using make
make
gcc  -I include -nostdinc -Wall -Werror -ggdb -fno-pic -fno-builtin -fno-strict-aliasing -fno-stack-protector -m32 \
	-M -MG user/tester.c -MF user/tester.d -MT user/tester.d -MT user/tester.o
gcc  -I include -nostdinc -Wall -Werror -ggdb -fno-pic -fno-builtin -fno-strict-aliasing -fno-stack-protector -m32 -c -o user/tester.o user/tester.c
user/tester.c: In function â€˜mainâ€™:
user/tester.c:11:12: error: implicit declaration of function â€˜setticketsâ€™ [-Werror=implicit-function-declaration]
   11 |         if(settickets(tickets) == 0)
      |            ^~~~~~~~~~
cc1: all warnings being treated as errors
make: *** [user/makefile.mk:92: user/tester.o] Error 1


test test_9 FAILED (0 of 1)
 (Test to check that parent and child pids equal)
 make failed (error 2)

starting test_10

**********************************************************************

Test test_10
Test to make sure the right number of processes are schedualed with fork

**********************************************************************
Running xv6 user progam /home/cs537-1/tests/P4/ctests/test_10.c
Trying to build project using make
make
gcc  -I include -nostdinc -Wall -Werror -ggdb -fno-pic -fno-builtin -fno-strict-aliasing -fno-stack-protector -m32 \
	-M -MG user/tester.c -MF user/tester.d -MT user/tester.d -MT user/tester.o
gcc  -I include -nostdinc -Wall -Werror -ggdb -fno-pic -fno-builtin -fno-strict-aliasing -fno-stack-protector -m32 -c -o user/tester.o user/tester.c
ld  -m    elf_i386 -nostdlib --omagic --entry=main --section-start=.text=0x0 --output=user/bin/tester user/tester.o user/ulib.o user/usys.o user/printf.o user/umalloc.o
cp user/bin/tester fs/tester
./tools/mkfs fs.img fs
used 29 (bit 1 ninode 26) free 29 total 1024
usertests
mkdir
README
tester
ls
kill
ln
grep
stressfs
cat
sh
rm
echo
forktest
zombie
wc
init
balloc: first 455 blocks have been allocated
balloc: write bitmap block at sector 28
rm user/bin/tester
make qemu-nox CPUS=1
Ctrl+a h for help
timeout --foreground --preserve-status 900 /p/course/cs537-remzi/ta/tools/qemu -nographic -hdb fs.img xv6.img -smp 1
WARNING: Image format was not specified for 'fs.img' and probing guessed raw.
         Automatically detecting the format is dangerous for raw images, write operations on block 0 will be restricted.
         Specify the 'raw' format explicitly to remove the restrictions.
WARNING: Image format was not specified for 'xv6.img' and probing guessed raw.
         Automatically detecting the format is dangerous for raw images, write operations on block 0 will be restricted.
         Specify the 'raw' format explicitly to remove the restrictions.
c[?7l[2J[0mSeaBIOS (version 1.15.0-1)


iPXE (https://ipxe.org) 00:03.0 CA00 PCI2.10 PnP PMM+07F8B4A0+07ECB4A0 CA00
Press Ctrl-B to configure iPXE (PCI 00:03.0)...                                                                               


Booting from Hard Disk..xv6...
cpu0: starting
init: starting sh
$ tester
tester
Spinning...

**** PInfo ****
pid: 1 tickets: 1 ticks: 32
pid: 2 tickets: 1 ticks: 6070
pid: 3 tickets: 1 ticks: 105
pid: 4 tickets: 1 ticks: 105
pid: 5 tickets: 1 ticks: 105
pid: 6 tickets: 1 ticks: 105
pid: 7 tickets: 1 ticks: 105
pid: 8 tickets: 1 ticks: 105
Number of processes in use 8
XV6_SCHEDULER	 SUCCESS


test test_10 PASSED (1 of 1)
 (Test to make sure the right number of processes are schedualed with fork)

starting test_11

**********************************************************************

Test test_11
Test to make sure schedular selects right processes

**********************************************************************
Running xv6 user progam /home/cs537-1/tests/P4/ctests/test_11.c
Trying to build project using make
make
gcc  -I include -nostdinc -Wall -Werror -ggdb -fno-pic -fno-builtin -fno-strict-aliasing -fno-stack-protector -m32 \
	-M -MG user/tester.c -MF user/tester.d -MT user/tester.d -MT user/tester.o
gcc  -I include -nostdinc -Wall -Werror -ggdb -fno-pic -fno-builtin -fno-strict-aliasing -fno-stack-protector -m32 -c -o user/tester.o user/tester.c
user/tester.c: In function â€˜mainâ€™:
user/tester.c:72:12: error: implicit declaration of function â€˜setticketsâ€™ [-Werror=implicit-function-declaration]
   72 |         if(settickets(lowtickets) != 0)
      |            ^~~~~~~~~~
cc1: all warnings being treated as errors
make: *** [user/makefile.mk:92: user/tester.o] Error 1


test test_11 FAILED (0 of 1)
 (Test to make sure schedular selects right processes)
 make failed (error 2)

starting test_12

**********************************************************************

Test test_12
Test to make sure schedular selects right processes during multiple forks

**********************************************************************
Running xv6 user progam /home/cs537-1/tests/P4/ctests/test_12.c
Trying to build project using make
make
gcc  -I include -nostdinc -Wall -Werror -ggdb -fno-pic -fno-builtin -fno-strict-aliasing -fno-stack-protector -m32 \
	-M -MG user/tester.c -MF user/tester.d -MT user/tester.d -MT user/tester.o
gcc  -I include -nostdinc -Wall -Werror -ggdb -fno-pic -fno-builtin -fno-strict-aliasing -fno-stack-protector -m32 -c -o user/tester.o user/tester.c
user/tester.c: In function â€˜mainâ€™:
user/tester.c:30:5: error: implicit declaration of function â€˜setticketsâ€™ [-Werror=implicit-function-declaration]
   30 |     settickets(3);
      |     ^~~~~~~~~~
cc1: all warnings being treated as errors
make: *** [user/makefile.mk:92: user/tester.o] Error 1


test test_12 FAILED (0 of 1)
 (Test to make sure schedular selects right processes during multiple forks)
 make failed (error 2)

starting test_13

**********************************************************************

Test test_13
Test to make sure schedular's internals are properly updating

**********************************************************************
Running xv6 user progam /home/cs537-1/tests/P4/ctests/test_13.c
Trying to build project using make
make
gcc  -I include -nostdinc -Wall -Werror -ggdb -fno-pic -fno-builtin -fno-strict-aliasing -fno-stack-protector -m32 \
	-M -MG user/tester.c -MF user/tester.d -MT user/tester.d -MT user/tester.o
gcc  -I include -nostdinc -Wall -Werror -ggdb -fno-pic -fno-builtin -fno-strict-aliasing -fno-stack-protector -m32 -c -o user/tester.o user/tester.c
user/tester.c: In function â€˜mainâ€™:
user/tester.c:11:12: error: implicit declaration of function â€˜setticketsâ€™; did you mean â€˜SYS_setticketsâ€™? [-Werror=implicit-function-declaration]
   11 |         if(settickets(5) == 0)
      |            ^~~~~~~~~~
      |            SYS_settickets
cc1: all warnings being treated as errors
make: *** [user/makefile.mk:92: user/tester.o] Error 1


test test_13 FAILED (0 of 1)
 (Test to make sure schedular's internals are properly updating)
 make failed (error 2)

starting test_14

**********************************************************************

Test test_14
Check to make sure default tickets are properly set

**********************************************************************
Running xv6 user progam /home/cs537-1/tests/P4/ctests/test_14.c
Trying to build project using make
make
gcc  -I include -nostdinc -Wall -Werror -ggdb -fno-pic -fno-builtin -fno-strict-aliasing -fno-stack-protector -m32 \
	-M -MG user/tester.c -MF user/tester.d -MT user/tester.d -MT user/tester.o
gcc  -I include -nostdinc -Wall -Werror -ggdb -fno-pic -fno-builtin -fno-strict-aliasing -fno-stack-protector -m32 -c -o user/tester.o user/tester.c
ld  -m    elf_i386 -nostdlib --omagic --entry=main --section-start=.text=0x0 --output=user/bin/tester user/tester.o user/ulib.o user/usys.o user/printf.o user/umalloc.o
cp user/bin/tester fs/tester
./tools/mkfs fs.img fs
used 29 (bit 1 ninode 26) free 29 total 1024
usertests
mkdir
README
tester
ls
kill
ln
grep
stressfs
cat
sh
rm
echo
forktest
zombie
wc
init
balloc: first 453 blocks have been allocated
balloc: write bitmap block at sector 28
rm user/bin/tester
make qemu-nox CPUS=1
Ctrl+a h for help
timeout --foreground --preserve-status 900 /p/course/cs537-remzi/ta/tools/qemu -nographic -hdb fs.img xv6.img -smp 1
WARNING: Image format was not specified for 'fs.img' and probing guessed raw.
         Automatically detecting the format is dangerous for raw images, write operations on block 0 will be restricted.
         Specify the 'raw' format explicitly to remove the restrictions.
WARNING: Image format was not specified for 'xv6.img' and probing guessed raw.
         Automatically detecting the format is dangerous for raw images, write operations on block 0 will be restricted.
         Specify the 'raw' format explicitly to remove the restrictions.
c[?7l[2J[0mSeaBIOS (version 1.15.0-1)


iPXE (https://ipxe.org) 00:03.0 CA00 PCI2.10 PnP PMM+07F8B4A0+07ECB4A0 CA00
Press Ctrl-B to configure iPXE (PCI 00:03.0)...                                                                               


Booting from Hard Disk..xv6...
cpu0: starting
init: starting sh
$ tester
tester
XV6_SCHEDULER	 SUCCESS


test test_14 PASSED (1 of 1)
 (Check to make sure default tickets are properly set)

starting test_15

**********************************************************************

Test test_15
Test to make sure strides are properly set

**********************************************************************
Running xv6 user progam /home/cs537-1/tests/P4/ctests/test_15.c
Trying to build project using make
make
gcc  -I include -nostdinc -Wall -Werror -ggdb -fno-pic -fno-builtin -fno-strict-aliasing -fno-stack-protector -m32 \
	-M -MG user/tester.c -MF user/tester.d -MT user/tester.d -MT user/tester.o
gcc  -I include -nostdinc -Wall -Werror -ggdb -fno-pic -fno-builtin -fno-strict-aliasing -fno-stack-protector -m32 -c -o user/tester.o user/tester.c
ld  -m    elf_i386 -nostdlib --omagic --entry=main --section-start=.text=0x0 --output=user/bin/tester user/tester.o user/ulib.o user/usys.o user/printf.o user/umalloc.o
cp user/bin/tester fs/tester
./tools/mkfs fs.img fs
used 29 (bit 1 ninode 26) free 29 total 1024
usertests
mkdir
README
tester
ls
kill
ln
grep
stressfs
cat
sh
rm
echo
forktest
zombie
wc
init
balloc: first 454 blocks have been allocated
balloc: write bitmap block at sector 28
rm user/bin/tester
make qemu-nox CPUS=1
Ctrl+a h for help
timeout --foreground --preserve-status 900 /p/course/cs537-remzi/ta/tools/qemu -nographic -hdb fs.img xv6.img -smp 1
WARNING: Image format was not specified for 'fs.img' and probing guessed raw.
         Automatically detecting the format is dangerous for raw images, write operations on block 0 will be restricted.
         Specify the 'raw' format explicitly to remove the restrictions.
WARNING: Image format was not specified for 'xv6.img' and probing guessed raw.
         Automatically detecting the format is dangerous for raw images, write operations on block 0 will be restricted.
         Specify the 'raw' format explicitly to remove the restrictions.
c[?7l[2J[0mSeaBIOS (version 1.15.0-1)


iPXE (https://ipxe.org) 00:03.0 CA00 PCI2.10 PnP PMM+07F8B4A0+07ECB4A0 CA00
Press Ctrl-B to configure iPXE (PCI 00:03.0)...                                                                               


Booting from Hard Disk..xv6...
cpu0: starting
init: starting sh
$ tester
tester
XV6_SCHEDULER	 SUCCESS


test test_15 PASSED (1 of 1)
 (Test to make sure strides are properly set)

starting test_16

**********************************************************************

Test test_16
Test to make sure processes with different numbers of tickets are scheduled properly

**********************************************************************
Running xv6 user progam /home/cs537-1/tests/P4/ctests/test_16.c
Trying to build project using make
make
gcc  -I include -nostdinc -Wall -Werror -ggdb -fno-pic -fno-builtin -fno-strict-aliasing -fno-stack-protector -m32 \
	-M -MG user/tester.c -MF user/tester.d -MT user/tester.d -MT user/tester.o
gcc  -I include -nostdinc -Wall -Werror -ggdb -fno-pic -fno-builtin -fno-strict-aliasing -fno-stack-protector -m32 -c -o user/tester.o user/tester.c
user/tester.c: In function â€˜mainâ€™:
user/tester.c:14:17: error: implicit declaration of function â€˜setticketsâ€™; did you mean â€˜SYS_setticketsâ€™? [-Werror=implicit-function-declaration]
   14 |                 settickets(6);
      |                 ^~~~~~~~~~
      |                 SYS_settickets
cc1: all warnings being treated as errors
make: *** [user/makefile.mk:92: user/tester.o] Error 1


test test_16 FAILED (0 of 1)
 (Test to make sure processes with different numbers of tickets are scheduled properly)
 make failed (error 2)

**********************************************************************
Summary:
test build PASSED
 (build xv6 using make)

test test_1 PASSED (1 of 1)
 (Tests to make sure everything compiles)

test test_2 PASSED (1 of 1)
 (Tests to make sure default number of tickets is 1)

test test_3 FAILED (0 of 1)
 (Tests to make sure setting number of tickets doesn't fail for small ticket numbers)
 make failed (error 2)

test test_4 FAILED (0 of 1)
 (Tests to make sure setting number of tickets doesn't fail for large ticket numbers)
 make failed (error 2)

test test_5 FAILED (0 of 1)
 (Tests to make sure setting number of tickets fails for 0)
 make failed (error 2)

test test_6 FAILED (0 of 1)
 (Tests to make sure setting number of tickets fails for negative numbers)
 make failed (error 2)

test test_7 PASSED (1 of 1)
 (Test to make sure getpinfo fails for pid 0)

test test_8 PASSED (1 of 1)
 (Test to make sure getpinfo fails for large pids)

test test_9 FAILED (0 of 1)
 (Test to check that parent and child pids equal)
 make failed (error 2)

test test_10 PASSED (1 of 1)
 (Test to make sure the right number of processes are schedualed with fork)

test test_11 FAILED (0 of 1)
 (Test to make sure schedular selects right processes)
 make failed (error 2)

test test_12 FAILED (0 of 1)
 (Test to make sure schedular selects right processes during multiple forks)
 make failed (error 2)

test test_13 FAILED (0 of 1)
 (Test to make sure schedular's internals are properly updating)
 make failed (error 2)

test test_14 PASSED (1 of 1)
 (Check to make sure default tickets are properly set)

test test_15 PASSED (1 of 1)
 (Test to make sure strides are properly set)

test test_16 FAILED (0 of 1)
 (Test to make sure processes with different numbers of tickets are scheduled properly)
 make failed (error 2)

Passed 8 of 17 tests.
Overall 8 of 17
Points 7 of 16
